[0m[[0m[0mdebug[0m] [0m[0m> Exec(testOnly Datapath.TopFileTest -- -DwriteVcd=1, Some(592fcd00-aa59-4efc-a0c1-a76e40ef962a), Some(CommandSource(console0)))[0m
[0m[[0m[0mdebug[0m] [0m[0mEvaluating tasks: Test / testOnly[0m
[0m[[0m[0mdebug[0m] [0m[0mRunning task... Cancel: Signal, check cycles: false, forcegc: true[0m
[0m[[0m[0mdebug[0m] [0m[0mjsonRpcNotify: JsonRpcNotificationMessage(2.0, build/taskStart, {"taskId":{"id":"62","parents":[]},"eventTime":1634108372045,"message":"Compiling root","dataKind":"compile-task","data":{"target":{"uri":"file:/home/theengineerguyy/Desktop/Aghaas-Core/#root/Compile"}}})[0m
[0m[[0m[0mdebug[0m] [0m[0mjsonRpcNotify: JsonRpcNotificationMessage(2.0, build/publishDiagnostics, {"textDocument":{"uri":"file:///home/theengineerguyy/Desktop/Aghaas-Core/src/main/scala/Datapath/Jalr.scala"},"buildTarget":{"uri":"file:/home/theengineerguyy/Desktop/Aghaas-Core/#root/Compile"},"diagnostics":[],"reset":true})[0m
[0m[[0m[0mdebug[0m] [0m[0mjsonRpcNotify: JsonRpcNotificationMessage(2.0, build/publishDiagnostics, {"textDocument":{"uri":"file:///home/theengineerguyy/Desktop/Aghaas-Core/src/main/scala/Datapath/ImmGen.scala"},"buildTarget":{"uri":"file:/home/theengineerguyy/Desktop/Aghaas-Core/#root/Compile"},"diagnostics":[],"reset":true})[0m
[0m[[0m[0mdebug[0m] [0m[0mjsonRpcNotify: JsonRpcNotificationMessage(2.0, build/publishDiagnostics, {"textDocument":{"uri":"file:///home/theengineerguyy/Desktop/Aghaas-Core/src/main/scala/Datapath/BranchControl.scala"},"buildTarget":{"uri":"file:/home/theengineerguyy/Desktop/Aghaas-Core/#root/Compile"},"diagnostics":[],"reset":true})[0m
[0m[[0m[0mdebug[0m] [0m[0mjsonRpcNotify: JsonRpcNotificationMessage(2.0, build/publishDiagnostics, {"textDocument":{"uri":"file:///home/theengineerguyy/Desktop/Aghaas-Core/src/main/scala/Datapath/RegisterFile.scala"},"buildTarget":{"uri":"file:/home/theengineerguyy/Desktop/Aghaas-Core/#root/Compile"},"diagnostics":[],"reset":true})[0m
[0m[[0m[0mdebug[0m] [0m[0mjsonRpcNotify: JsonRpcNotificationMessage(2.0, build/publishDiagnostics, {"textDocument":{"uri":"file:///home/theengineerguyy/Desktop/Aghaas-Core/src/main/scala/gcd/GCD.scala"},"buildTarget":{"uri":"file:/home/theengineerguyy/Desktop/Aghaas-Core/#root/Compile"},"diagnostics":[],"reset":true})[0m
[0m[[0m[0mdebug[0m] [0m[0mjsonRpcNotify: JsonRpcNotificationMessage(2.0, build/publishDiagnostics, {"textDocument":{"uri":"file:///home/theengineerguyy/Desktop/Aghaas-Core/src/main/scala/Datapath/TopFile.scala"},"buildTarget":{"uri":"file:/home/theengineerguyy/Desktop/Aghaas-Core/#root/Compile"},"diagnostics":[],"reset":true})[0m
[0m[[0m[0mdebug[0m] [0m[0mjsonRpcNotify: JsonRpcNotificationMessage(2.0, build/publishDiagnostics, {"textDocument":{"uri":"file:///home/theengineerguyy/Desktop/Aghaas-Core/src/main/scala/Datapath/DataMemory.scala"},"buildTarget":{"uri":"file:/home/theengineerguyy/Desktop/Aghaas-Core/#root/Compile"},"diagnostics":[],"reset":true})[0m
[0m[[0m[0mdebug[0m] [0m[0mjsonRpcNotify: JsonRpcNotificationMessage(2.0, build/publishDiagnostics, {"textDocument":{"uri":"file:///home/theengineerguyy/Desktop/Aghaas-Core/src/main/scala/Datapath/Config.scala"},"buildTarget":{"uri":"file:/home/theengineerguyy/Desktop/Aghaas-Core/#root/Compile"},"diagnostics":[],"reset":true})[0m
[0m[[0m[0mdebug[0m] [0m[0mjsonRpcNotify: JsonRpcNotificationMessage(2.0, build/publishDiagnostics, {"textDocument":{"uri":"file:///home/theengineerguyy/Desktop/Aghaas-Core/src/main/scala/Datapath/AluControl.scala"},"buildTarget":{"uri":"file:/home/theengineerguyy/Desktop/Aghaas-Core/#root/Compile"},"diagnostics":[],"reset":true})[0m
[0m[[0m[0mdebug[0m] [0m[0mjsonRpcNotify: JsonRpcNotificationMessage(2.0, build/publishDiagnostics, {"textDocument":{"uri":"file:///home/theengineerguyy/Desktop/Aghaas-Core/src/main/scala/Datapath/ProgramCounter.scala"},"buildTarget":{"uri":"file:/home/theengineerguyy/Desktop/Aghaas-Core/#root/Compile"},"diagnostics":[],"reset":true})[0m
[0m[[0m[0mdebug[0m] [0m[0mjsonRpcNotify: JsonRpcNotificationMessage(2.0, build/publishDiagnostics, {"textDocument":{"uri":"file:///home/theengineerguyy/Desktop/Aghaas-Core/src/main/scala/gcd/DecoupledGCD.scala"},"buildTarget":{"uri":"file:/home/theengineerguyy/Desktop/Aghaas-Core/#root/Compile"},"diagnostics":[],"reset":true})[0m
[0m[[0m[0mdebug[0m] [0m[0mjsonRpcNotify: JsonRpcNotificationMessage(2.0, build/publishDiagnostics, {"textDocument":{"uri":"file:///home/theengineerguyy/Desktop/Aghaas-Core/src/main/scala/Datapath/Control.scala"},"buildTarget":{"uri":"file:/home/theengineerguyy/Desktop/Aghaas-Core/#root/Compile"},"diagnostics":[],"reset":true})[0m
[0m[[0m[0mdebug[0m] [0m[0mjsonRpcNotify: JsonRpcNotificationMessage(2.0, build/publishDiagnostics, {"textDocument":{"uri":"file:///home/theengineerguyy/Desktop/Aghaas-Core/src/main/scala/Datapath/InstructionMemory.scala"},"buildTarget":{"uri":"file:/home/theengineerguyy/Desktop/Aghaas-Core/#root/Compile"},"diagnostics":[],"reset":true})[0m
[0m[[0m[0mdebug[0m] [0m[0mjsonRpcNotify: JsonRpcNotificationMessage(2.0, build/publishDiagnostics, {"textDocument":{"uri":"file:///home/theengineerguyy/Desktop/Aghaas-Core/src/main/scala/Datapath/ControlDecode.scala"},"buildTarget":{"uri":"file:/home/theengineerguyy/Desktop/Aghaas-Core/#root/Compile"},"diagnostics":[],"reset":true})[0m
[0m[[0m[0mdebug[0m] [0m[0mjsonRpcNotify: JsonRpcNotificationMessage(2.0, build/publishDiagnostics, {"textDocument":{"uri":"file:///home/theengineerguyy/Desktop/Aghaas-Core/src/main/scala/Datapath/Alu.scala"},"buildTarget":{"uri":"file:/home/theengineerguyy/Desktop/Aghaas-Core/#root/Compile"},"diagnostics":[],"reset":true})[0m
[0m[[0m[0mdebug[0m] [0m[0mjsonRpcNotify: JsonRpcNotificationMessage(2.0, build/publishDiagnostics, {"textDocument":{"uri":"file:///home/theengineerguyy/Desktop/Aghaas-Core/src/main/scala/Datapath/TypeDecode.scala"},"buildTarget":{"uri":"file:/home/theengineerguyy/Desktop/Aghaas-Core/#root/Compile"},"diagnostics":[],"reset":true})[0m
[0m[[0m[0mdebug[0m] [0m[0mjsonRpcNotify: JsonRpcNotificationMessage(2.0, build/taskFinish, {"taskId":{"id":"62","parents":[]},"eventTime":1634108372064,"message":"Compiled root","status":1,"dataKind":"compile-report","data":{"target":{"uri":"file:/home/theengineerguyy/Desktop/Aghaas-Core/#root/Compile"},"errors":0,"warnings":0,"time":19}})[0m
[0m[[0m[0mdebug[0m] [0m[0mjsonRpcNotify: JsonRpcNotificationMessage(2.0, build/taskStart, {"taskId":{"id":"63","parents":[]},"eventTime":1634108372087,"message":"Compiling root-test","dataKind":"compile-task","data":{"target":{"uri":"file:/home/theengineerguyy/Desktop/Aghaas-Core/#root/Test"}}})[0m
[0m[[0m[0mdebug[0m] [0m[0mjsonRpcNotify: JsonRpcNotificationMessage(2.0, build/publishDiagnostics, {"textDocument":{"uri":"file:///home/theengineerguyy/Desktop/Aghaas-Core/src/test/scala/Datapath/DataMemoryTest.scala"},"buildTarget":{"uri":"file:/home/theengineerguyy/Desktop/Aghaas-Core/#root/Test"},"diagnostics":[],"reset":true})[0m
[0m[[0m[0mdebug[0m] [0m[0mjsonRpcNotify: JsonRpcNotificationMessage(2.0, build/publishDiagnostics, {"textDocument":{"uri":"file:///home/theengineerguyy/Desktop/Aghaas-Core/src/test/scala/Datapath/ProgramCounterTest.scala"},"buildTarget":{"uri":"file:/home/theengineerguyy/Desktop/Aghaas-Core/#root/Test"},"diagnostics":[],"reset":true})[0m
[0m[[0m[0mdebug[0m] [0m[0mjsonRpcNotify: JsonRpcNotificationMessage(2.0, build/publishDiagnostics, {"textDocument":{"uri":"file:///home/theengineerguyy/Desktop/Aghaas-Core/src/test/scala/Datapath/TopFIleTest.scala"},"buildTarget":{"uri":"file:/home/theengineerguyy/Desktop/Aghaas-Core/#root/Test"},"diagnostics":[],"reset":true})[0m
[0m[[0m[0mdebug[0m] [0m[0mjsonRpcNotify: JsonRpcNotificationMessage(2.0, build/publishDiagnostics, {"textDocument":{"uri":"file:///home/theengineerguyy/Desktop/Aghaas-Core/src/test/scala/Datapath/InstructionMemoryTest.scala"},"buildTarget":{"uri":"file:/home/theengineerguyy/Desktop/Aghaas-Core/#root/Test"},"diagnostics":[],"reset":true})[0m
[0m[[0m[0mdebug[0m] [0m[0mjsonRpcNotify: JsonRpcNotificationMessage(2.0, build/publishDiagnostics, {"textDocument":{"uri":"file:///home/theengineerguyy/Desktop/Aghaas-Core/src/test/scala/Datapath/AluControlTest.scala"},"buildTarget":{"uri":"file:/home/theengineerguyy/Desktop/Aghaas-Core/#root/Test"},"diagnostics":[],"reset":true})[0m
[0m[[0m[0mdebug[0m] [0m[0mjsonRpcNotify: JsonRpcNotificationMessage(2.0, build/publishDiagnostics, {"textDocument":{"uri":"file:///home/theengineerguyy/Desktop/Aghaas-Core/src/test/scala/Datapath/ControlDecodeTest.scala"},"buildTarget":{"uri":"file:/home/theengineerguyy/Desktop/Aghaas-Core/#root/Test"},"diagnostics":[],"reset":true})[0m
[0m[[0m[0mdebug[0m] [0m[0mjsonRpcNotify: JsonRpcNotificationMessage(2.0, build/publishDiagnostics, {"textDocument":{"uri":"file:///home/theengineerguyy/Desktop/Aghaas-Core/src/test/scala/Datapath/BranchControlTest.scala"},"buildTarget":{"uri":"file:/home/theengineerguyy/Desktop/Aghaas-Core/#root/Test"},"diagnostics":[],"reset":true})[0m
[0m[[0m[0mdebug[0m] [0m[0mjsonRpcNotify: JsonRpcNotificationMessage(2.0, build/publishDiagnostics, {"textDocument":{"uri":"file:///home/theengineerguyy/Desktop/Aghaas-Core/src/test/scala/Datapath/AluTest.scala"},"buildTarget":{"uri":"file:/home/theengineerguyy/Desktop/Aghaas-Core/#root/Test"},"diagnostics":[],"reset":true})[0m
[0m[[0m[0mdebug[0m] [0m[0mjsonRpcNotify: JsonRpcNotificationMessage(2.0, build/publishDiagnostics, {"textDocument":{"uri":"file:///home/theengineerguyy/Desktop/Aghaas-Core/src/test/scala/Datapath/TypeDecodeTest.scala"},"buildTarget":{"uri":"file:/home/theengineerguyy/Desktop/Aghaas-Core/#root/Test"},"diagnostics":[],"reset":true})[0m
[0m[[0m[0mdebug[0m] [0m[0mjsonRpcNotify: JsonRpcNotificationMessage(2.0, build/publishDiagnostics, {"textDocument":{"uri":"file:///home/theengineerguyy/Desktop/Aghaas-Core/src/test/scala/Datapath/ControlTest.scala"},"buildTarget":{"uri":"file:/home/theengineerguyy/Desktop/Aghaas-Core/#root/Test"},"diagnostics":[],"reset":true})[0m
[0m[[0m[0mdebug[0m] [0m[0mjsonRpcNotify: JsonRpcNotificationMessage(2.0, build/publishDiagnostics, {"textDocument":{"uri":"file:///home/theengineerguyy/Desktop/Aghaas-Core/src/test/scala/Datapath/RegisterFileTest.scala"},"buildTarget":{"uri":"file:/home/theengineerguyy/Desktop/Aghaas-Core/#root/Test"},"diagnostics":[],"reset":true})[0m
[0m[[0m[0mdebug[0m] [0m[0mjsonRpcNotify: JsonRpcNotificationMessage(2.0, build/publishDiagnostics, {"textDocument":{"uri":"file:///home/theengineerguyy/Desktop/Aghaas-Core/src/test/scala/Datapath/JalrTest.scala"},"buildTarget":{"uri":"file:/home/theengineerguyy/Desktop/Aghaas-Core/#root/Test"},"diagnostics":[],"reset":true})[0m
[0m[[0m[0mdebug[0m] [0m[0mjsonRpcNotify: JsonRpcNotificationMessage(2.0, build/publishDiagnostics, {"textDocument":{"uri":"file:///home/theengineerguyy/Desktop/Aghaas-Core/src/test/scala/gcd/GCDSpec.scala"},"buildTarget":{"uri":"file:/home/theengineerguyy/Desktop/Aghaas-Core/#root/Test"},"diagnostics":[],"reset":true})[0m
[0m[[0m[0mdebug[0m] [0m[0mjsonRpcNotify: JsonRpcNotificationMessage(2.0, build/publishDiagnostics, {"textDocument":{"uri":"file:///home/theengineerguyy/Desktop/Aghaas-Core/src/test/scala/Datapath/ImmGenTest.scala"},"buildTarget":{"uri":"file:/home/theengineerguyy/Desktop/Aghaas-Core/#root/Test"},"diagnostics":[],"reset":true})[0m
[0m[[0m[0mdebug[0m] [0m[0mjsonRpcNotify: JsonRpcNotificationMessage(2.0, build/taskFinish, {"taskId":{"id":"63","parents":[]},"eventTime":1634108372122,"message":"Compiled root-test","status":1,"dataKind":"compile-report","data":{"target":{"uri":"file:/home/theengineerguyy/Desktop/Aghaas-Core/#root/Test"},"errors":0,"warnings":0,"time":35}})[0m
[0m[[0m[0minfo[0m] [0m[0m[32mTopFileTest:[0m[0m
[0m[[0m[0minfo[0m] [0m[0m[32m- Top File Test[0m[0m
[0m[[0m[0mdebug[0m] [0m[0mjsonRpcNotify: JsonRpcNotificationMessage(2.0, build/logMessage, {"type":3,"message":"\u001b[32mTopFileTest:\u001b[0m"})[0m
[0m[[0m[0mdebug[0m] [0m[0mjsonRpcNotify: JsonRpcNotificationMessage(2.0, build/logMessage, {"type":3,"message":"\u001b[32m- Top File Test\u001b[0m"})[0m
[0m[[0m[0minfo[0m] [0m[0m[36mRun completed in 4 seconds, 742 milliseconds.[0m[0m
[0m[[0m[0minfo[0m] [0m[0m[36mTotal number of tests run: 1[0m[0m
[0m[[0m[0minfo[0m] [0m[0m[36mSuites: completed 1, aborted 0[0m[0m
[0m[[0m[0minfo[0m] [0m[0m[36mTests: succeeded 1, failed 0, canceled 0, ignored 0, pending 0[0m[0m
[0m[[0m[0minfo[0m] [0m[0m[32mAll tests passed.[0m[0m
[0m[[0m[0mdebug[0m] [0m[0mjsonRpcNotify: JsonRpcNotificationMessage(2.0, build/logMessage, {"type":3,"message":"\u001b[36mRun completed in 4 seconds, 742 milliseconds.\u001b[0m\n\u001b[36mTotal number of tests run: 1\u001b[0m\n\u001b[36mSuites: completed 1, aborted 0\u001b[0m\n\u001b[36mTests: succeeded 1, failed 0, canceled 0, ignored 0, pending 0\u001b[0m\n\u001b[32mAll tests passed.\u001b[0m"})[0m
[0m[[0m[32msuccess[0m] [0m[0mTotal time: 5 s, completed Oct 13, 2021, 11:59:37 AM[0m
[0m[[0m[0mdebug[0m] [0m[0m> Exec(shell, None, None)[0m
